<?xml version="1.0" encoding="UTF-8"?>
<testsuite name="LogicSimulatorTest" tests="2" skipped="0" failures="0" errors="0" timestamp="2020-08-25T02:04:04" hostname="DESKTOP-6U2CMUL" time="0.009">
  <properties/>
  <testcase name="testGetSimulationResult" classname="LogicSimulatorTest" time="0.007"/>
  <testcase name="testGetTruthTable" classname="LogicSimulatorTest" time="0.001"/>
  <system-out><![CDATA[Simulation Result:
i i i | o
1 2 3 | 1
------+--
0 1 1 | 0

Truth table:
i i i | o
1 2 3 | 1
------+--
0 0 0 | 0
0 0 1 | 0
0 1 0 | 0
0 1 1 | 0
1 0 0 | 1
1 0 1 | 1
1 1 0 | 0
1 1 1 | 0

]]></system-out>
  <system-err><![CDATA[]]></system-err>
</testsuite>
