<?xml version="1.0" encoding="UTF-8"?>
<testsuite name="LogicSimulatorTest" tests="2" skipped="0" failures="0" errors="0" timestamp="2020-08-26T01:15:37" hostname="DESKTOP-6U2CMUL" time="0.009">
  <properties/>
  <testcase name="testGetSimulationResult" classname="LogicSimulatorTest" time="0.006"/>
  <testcase name="testGetTruthTable" classname="LogicSimulatorTest" time="0.003"/>
  <system-out><![CDATA[]]></system-out>
  <system-err><![CDATA[]]></system-err>
</testsuite>
