<?xml version="1.0" encoding="UTF-8"?>
<testsuite name="LogicSimulatorTest" tests="4" skipped="0" failures="0" errors="0" timestamp="2020-08-25T02:44:02" hostname="DESKTOP-6U2CMUL" time="0.014">
  <properties/>
  <testcase name="testGetTruthTable2" classname="LogicSimulatorTest" time="0.008"/>
  <testcase name="testGetSimulationResult2" classname="LogicSimulatorTest" time="0.001"/>
  <testcase name="testGetSimulationResult" classname="LogicSimulatorTest" time="0.002"/>
  <testcase name="testGetTruthTable" classname="LogicSimulatorTest" time="0.001"/>
  <system-out><![CDATA[src/File2.lcf
Truth table:
i i i | o o
1 2 3 | 1 2
------+----
0 0 0 | 0 1
0 0 1 | 0 1
0 1 0 | 0 1
0 1 1 | 0 1
1 0 0 | 1 0
1 0 1 | 1 0
1 1 0 | 0 1
1 1 1 | 0 1

src/File2.lcf
Simulation Result:
i i i | o o
1 2 3 | 1 2
------+----
0 1 1 | 0 1

src/File1.lcf
Simulation Result:
i i i | o
1 2 3 | 1
------+--
0 1 1 | 0

src/File1.lcf
Truth table:
i i i | o
1 2 3 | 1
------+--
0 0 0 | 0
0 0 1 | 0
0 1 0 | 0
0 1 1 | 0
1 0 0 | 1
1 0 1 | 1
1 1 0 | 0
1 1 1 | 0

]]></system-out>
  <system-err><![CDATA[]]></system-err>
</testsuite>
